<?xml version="1.0" encoding="UTF-8" ?>
<testsuite tests="31" failures="0" name="mx.unam.ciencias.edd.test.TestLista" time="0.015" errors="0" skipped="0">
  <properties>
    <property name="java.runtime.name" value="Java(TM) SE Runtime Environment"/>
    <property name="sun.boot.library.path" value="C:\Program Files\Java\jdk1.8.0_111\jre\bin"/>
    <property name="java.vm.version" value="25.111-b14"/>
    <property name="java.vm.vendor" value="Oracle Corporation"/>
    <property name="maven.multiModuleProjectDirectory" value="C:\Users\Subdito\Downloads\Universidad\S3 Agosto - Diciembre 2019\practica7-master"/>
    <property name="java.vendor.url" value="http://java.oracle.com/"/>
    <property name="path.separator" value=";"/>
    <property name="guice.disable.misplaced.annotation.check" value="true"/>
    <property name="java.vm.name" value="Java HotSpot(TM) 64-Bit Server VM"/>
    <property name="file.encoding.pkg" value="sun.io"/>
    <property name="user.script" value=""/>
    <property name="user.country" value="MX"/>
    <property name="sun.java.launcher" value="SUN_STANDARD"/>
    <property name="sun.os.patch.level" value=""/>
    <property name="java.vm.specification.name" value="Java Virtual Machine Specification"/>
    <property name="user.dir" value="C:\Users\Subdito\Downloads\Universidad\S3 Agosto - Diciembre 2019\practica7-master"/>
    <property name="java.runtime.version" value="1.8.0_111-b14"/>
    <property name="java.awt.graphicsenv" value="sun.awt.Win32GraphicsEnvironment"/>
    <property name="java.endorsed.dirs" value="C:\Program Files\Java\jdk1.8.0_111\jre\lib\endorsed"/>
    <property name="os.arch" value="amd64"/>
    <property name="java.io.tmpdir" value="C:\Users\Subdito\AppData\Local\Temp\"/>
    <property name="line.separator" value="
"/>
    <property name="java.vm.specification.vendor" value="Oracle Corporation"/>
    <property name="user.variant" value=""/>
    <property name="os.name" value="Windows 10"/>
    <property name="classworlds.conf" value="C:\Users\Subdito\Downloads\Universidad\S3 Agosto - Diciembre 2019\apache-maven-3.6.1\bin\..\bin\m2.conf"/>
    <property name="sun.jnu.encoding" value="Cp1252"/>
    <property name="java.library.path" value="C:\Program Files\Java\jdk1.8.0_111\bin;C:\WINDOWS\Sun\Java\bin;C:\WINDOWS\system32;C:\WINDOWS;C:\Program Files (x86)\NVIDIA Corporation\PhysX\Common;C:\Program Files (x86)\Common Files\Oracle\Java\javapath;C:\WINDOWS\system32;C:\WINDOWS;C:\WINDOWS\System32\Wbem;C:\WINDOWS\System32\WindowsPowerShell\v1.0\;C:\WINDOWS\System32\OpenSSH\;C:\Program Files\Java\jdk1.8.0_111\bin;C:\Users\Subdito\Downloads\Universidad\S3 Agosto - Diciembre 2019\apache-maven-3.6.1\bin;C:\Users\Subdito\AppData\Local\Microsoft\WindowsApps;;."/>
    <property name="maven.conf" value="C:\Users\Subdito\Downloads\Universidad\S3 Agosto - Diciembre 2019\apache-maven-3.6.1\bin\../conf"/>
    <property name="java.specification.name" value="Java Platform API Specification"/>
    <property name="java.class.version" value="52.0"/>
    <property name="sun.management.compiler" value="HotSpot 64-Bit Tiered Compilers"/>
    <property name="os.version" value="10.0"/>
    <property name="library.jansi.path" value="C:\Users\Subdito\Downloads\Universidad\S3 Agosto - Diciembre 2019\apache-maven-3.6.1\bin\..\lib\jansi-native"/>
    <property name="user.home" value="C:\Users\Subdito"/>
    <property name="user.timezone" value="America/Mexico_City"/>
    <property name="java.awt.printerjob" value="sun.awt.windows.WPrinterJob"/>
    <property name="java.specification.version" value="1.8"/>
    <property name="file.encoding" value="Cp1252"/>
    <property name="user.name" value="Subdito"/>
    <property name="java.class.path" value="C:\Users\Subdito\Downloads\Universidad\S3 Agosto - Diciembre 2019\apache-maven-3.6.1\bin\..\boot\plexus-classworlds-2.6.0.jar"/>
    <property name="java.vm.specification.version" value="1.8"/>
    <property name="sun.arch.data.model" value="64"/>
    <property name="java.home" value="C:\Program Files\Java\jdk1.8.0_111\jre"/>
    <property name="sun.java.command" value="org.codehaus.plexus.classworlds.launcher.Launcher test"/>
    <property name="java.specification.vendor" value="Oracle Corporation"/>
    <property name="user.language" value="es"/>
    <property name="awt.toolkit" value="sun.awt.windows.WToolkit"/>
    <property name="java.vm.info" value="mixed mode"/>
    <property name="java.version" value="1.8.0_111"/>
    <property name="java.ext.dirs" value="C:\Program Files\Java\jdk1.8.0_111\jre\lib\ext;C:\WINDOWS\Sun\Java\lib\ext"/>
    <property name="sun.boot.class.path" value="C:\Program Files\Java\jdk1.8.0_111\jre\lib\resources.jar;C:\Program Files\Java\jdk1.8.0_111\jre\lib\rt.jar;C:\Program Files\Java\jdk1.8.0_111\jre\lib\sunrsasign.jar;C:\Program Files\Java\jdk1.8.0_111\jre\lib\jsse.jar;C:\Program Files\Java\jdk1.8.0_111\jre\lib\jce.jar;C:\Program Files\Java\jdk1.8.0_111\jre\lib\charsets.jar;C:\Program Files\Java\jdk1.8.0_111\jre\lib\jfr.jar;C:\Program Files\Java\jdk1.8.0_111\jre\classes"/>
    <property name="sun.stderr.encoding" value="cp850"/>
    <property name="java.vendor" value="Oracle Corporation"/>
    <property name="maven.home" value="C:\Users\Subdito\Downloads\Universidad\S3 Agosto - Diciembre 2019\apache-maven-3.6.1\bin\.."/>
    <property name="file.separator" value="\"/>
    <property name="java.vendor.url.bug" value="http://bugreport.sun.com/bugreport/"/>
    <property name="sun.cpu.endian" value="little"/>
    <property name="sun.io.unicode.encoding" value="UnicodeLittle"/>
    <property name="sun.stdout.encoding" value="cp850"/>
    <property name="sun.desktop" value="windows"/>
    <property name="sun.cpu.isalist" value="amd64"/>
  </properties>
  <testcase classname="mx.unam.ciencias.edd.test.TestLista" name="testAgregaFinal" time="0"/>
  <testcase classname="mx.unam.ciencias.edd.test.TestLista" name="testElimina" time="0"/>
  <testcase classname="mx.unam.ciencias.edd.test.TestLista" name="testMergeSort" time="0"/>
  <testcase classname="mx.unam.ciencias.edd.test.TestLista" name="testEsVacia" time="0"/>
  <testcase classname="mx.unam.ciencias.edd.test.TestLista" name="testEliminaPrimero" time="0"/>
  <testcase classname="mx.unam.ciencias.edd.test.TestLista" name="testIteradorHasNext" time="0"/>
  <testcase classname="mx.unam.ciencias.edd.test.TestLista" name="testBusquedaLineal" time="0"/>
  <testcase classname="mx.unam.ciencias.edd.test.TestLista" name="testGet" time="0"/>
  <testcase classname="mx.unam.ciencias.edd.test.TestLista" name="testAgregaInicio" time="0"/>
  <testcase classname="mx.unam.ciencias.edd.test.TestLista" name="testCopia" time="0.001"/>
  <testcase classname="mx.unam.ciencias.edd.test.TestLista" name="testToString" time="0.003"/>
  <testcase classname="mx.unam.ciencias.edd.test.TestLista" name="testIteradorStart" time="0"/>
  <testcase classname="mx.unam.ciencias.edd.test.TestLista" name="testGetLongitud" time="0"/>
  <testcase classname="mx.unam.ciencias.edd.test.TestLista" name="testEliminaUltimo" time="0"/>
  <testcase classname="mx.unam.ciencias.edd.test.TestLista" name="testGetPrimero" time="0"/>
  <testcase classname="mx.unam.ciencias.edd.test.TestLista" name="testContiene" time="0.001"/>
  <testcase classname="mx.unam.ciencias.edd.test.TestLista" name="testIteradorNext" time="0"/>
  <testcase classname="mx.unam.ciencias.edd.test.TestLista" name="testIteradorPrevious" time="0"/>
  <testcase classname="mx.unam.ciencias.edd.test.TestLista" name="testIteradorEnd" time="0.001"/>
  <testcase classname="mx.unam.ciencias.edd.test.TestLista" name="testBusquedaLinealLista" time="0"/>
  <testcase classname="mx.unam.ciencias.edd.test.TestLista" name="testMergeSortLista" time="0.001"/>
  <testcase classname="mx.unam.ciencias.edd.test.TestLista" name="testReversa" time="0.001"/>
  <testcase classname="mx.unam.ciencias.edd.test.TestLista" name="testGetElementos" time="0"/>
  <testcase classname="mx.unam.ciencias.edd.test.TestLista" name="testIteradorHasPrevious" time="0"/>
  <testcase classname="mx.unam.ciencias.edd.test.TestLista" name="testIndiceDe" time="0"/>
  <testcase classname="mx.unam.ciencias.edd.test.TestLista" name="testAgrega" time="0.001"/>
  <testcase classname="mx.unam.ciencias.edd.test.TestLista" name="testEquals" time="0.003"/>
  <testcase classname="mx.unam.ciencias.edd.test.TestLista" name="testLimpia" time="0"/>
  <testcase classname="mx.unam.ciencias.edd.test.TestLista" name="testGetUltimo" time="0.001"/>
  <testcase classname="mx.unam.ciencias.edd.test.TestLista" name="testInserta" time="0.002"/>
  <testcase classname="mx.unam.ciencias.edd.test.TestLista" name="testConstructor" time="0"/>
</testsuite>